mode: atomic
github.com/nbaztec/protocmp/assert.go:13.64,15.16 2 1
github.com/nbaztec/protocmp/assert.go:15.16,19.3 3 0
github.com/nbaztec/protocmp/assert.go:22.45,31.11 5 0
github.com/nbaztec/protocmp/assert.go:42.2,42.14 1 0
github.com/nbaztec/protocmp/assert.go:31.11,33.89 2 0
github.com/nbaztec/protocmp/assert.go:33.89,36.38 3 0
github.com/nbaztec/protocmp/assert.go:36.38,38.5 1 0
github.com/nbaztec/protocmp/equal.go:14.43,15.70 1 75
github.com/nbaztec/protocmp/equal.go:19.2,19.12 1 3
github.com/nbaztec/protocmp/equal.go:15.70,17.3 1 72
github.com/nbaztec/protocmp/equal.go:22.54,23.26 1 75
github.com/nbaztec/protocmp/equal.go:31.2,33.34 3 75
github.com/nbaztec/protocmp/equal.go:40.2,40.45 1 73
github.com/nbaztec/protocmp/equal.go:44.2,44.12 1 3
github.com/nbaztec/protocmp/equal.go:23.26,24.27 1 0
github.com/nbaztec/protocmp/equal.go:28.3,28.54 1 0
github.com/nbaztec/protocmp/equal.go:24.27,26.4 1 0
github.com/nbaztec/protocmp/equal.go:33.34,34.19 1 2
github.com/nbaztec/protocmp/equal.go:38.3,38.99 1 1
github.com/nbaztec/protocmp/equal.go:34.19,36.4 1 1
github.com/nbaztec/protocmp/equal.go:40.45,42.3 1 70
github.com/nbaztec/protocmp/equal.go:47.80,48.9 1 28
github.com/nbaztec/protocmp/equal.go:49.19,50.93 1 4
github.com/nbaztec/protocmp/equal.go:51.18,52.91 1 4
github.com/nbaztec/protocmp/equal.go:53.10,54.20 1 20
github.com/nbaztec/protocmp/equal.go:61.3,61.85 1 8
github.com/nbaztec/protocmp/equal.go:55.57,56.96 1 10
github.com/nbaztec/protocmp/equal.go:57.32,58.101 1 2
github.com/nbaztec/protocmp/equal.go:65.97,66.10 1 28
github.com/nbaztec/protocmp/equal.go:67.33,68.14 1 8
github.com/nbaztec/protocmp/equal.go:69.84,70.43 1 18
github.com/nbaztec/protocmp/equal.go:71.44,72.55 1 2
github.com/nbaztec/protocmp/equal.go:73.10,74.54 1 8
github.com/nbaztec/protocmp/equal.go:79.58,80.40 1 522
github.com/nbaztec/protocmp/equal.go:84.2,84.35 1 522
github.com/nbaztec/protocmp/equal.go:88.2,88.35 1 520
github.com/nbaztec/protocmp/equal.go:93.2,95.77 3 518
github.com/nbaztec/protocmp/equal.go:112.2,112.21 1 518
github.com/nbaztec/protocmp/equal.go:115.2,116.77 2 442
github.com/nbaztec/protocmp/equal.go:127.2,127.21 1 442
github.com/nbaztec/protocmp/equal.go:131.2,131.55 1 428
github.com/nbaztec/protocmp/equal.go:80.40,82.3 1 0
github.com/nbaztec/protocmp/equal.go:84.35,86.3 1 2
github.com/nbaztec/protocmp/equal.go:88.35,90.3 1 2
github.com/nbaztec/protocmp/equal.go:95.77,99.18 3 1091
github.com/nbaztec/protocmp/equal.go:104.3,104.48 1 1077
github.com/nbaztec/protocmp/equal.go:109.3,109.14 1 1015
github.com/nbaztec/protocmp/equal.go:99.18,102.4 2 14
github.com/nbaztec/protocmp/equal.go:104.48,107.4 2 62
github.com/nbaztec/protocmp/equal.go:112.21,114.3 1 76
github.com/nbaztec/protocmp/equal.go:116.77,120.18 3 511
github.com/nbaztec/protocmp/equal.go:124.3,124.14 1 497
github.com/nbaztec/protocmp/equal.go:120.18,123.4 2 14
github.com/nbaztec/protocmp/equal.go:127.21,129.3 1 14
github.com/nbaztec/protocmp/equal.go:135.85,136.9 1 1077
github.com/nbaztec/protocmp/equal.go:151.2,151.12 1 1015
github.com/nbaztec/protocmp/equal.go:137.19,138.59 1 85
github.com/nbaztec/protocmp/equal.go:141.18,142.56 1 73
github.com/nbaztec/protocmp/equal.go:145.10,146.46 1 919
github.com/nbaztec/protocmp/equal.go:138.59,140.4 1 10
github.com/nbaztec/protocmp/equal.go:142.56,144.4 1 10
github.com/nbaztec/protocmp/equal.go:146.46,148.4 1 42
github.com/nbaztec/protocmp/equal.go:155.81,156.24 1 73
github.com/nbaztec/protocmp/equal.go:159.2,160.66 2 69
github.com/nbaztec/protocmp/equal.go:172.2,172.17 1 69
github.com/nbaztec/protocmp/equal.go:156.24,158.3 1 4
github.com/nbaztec/protocmp/equal.go:160.66,162.16 2 201
github.com/nbaztec/protocmp/equal.go:166.3,166.59 1 201
github.com/nbaztec/protocmp/equal.go:170.3,170.14 1 195
github.com/nbaztec/protocmp/equal.go:162.16,165.4 2 0
github.com/nbaztec/protocmp/equal.go:166.59,169.4 2 6
github.com/nbaztec/protocmp/equal.go:176.83,177.24 1 85
github.com/nbaztec/protocmp/equal.go:180.2,180.36 1 81
github.com/nbaztec/protocmp/equal.go:185.2,185.12 1 75
github.com/nbaztec/protocmp/equal.go:177.24,179.3 1 4
github.com/nbaztec/protocmp/equal.go:180.36,181.60 1 235
github.com/nbaztec/protocmp/equal.go:181.60,183.4 1 6
github.com/nbaztec/protocmp/equal.go:189.85,190.9 1 1355
github.com/nbaztec/protocmp/equal.go:229.2,229.12 1 810
github.com/nbaztec/protocmp/equal.go:191.27,192.64 1 449
github.com/nbaztec/protocmp/equal.go:195.3,195.13 1 425
github.com/nbaztec/protocmp/equal.go:196.43,197.41 1 91
github.com/nbaztec/protocmp/equal.go:200.81,203.39 3 68
github.com/nbaztec/protocmp/equal.go:213.3,213.15 1 68
github.com/nbaztec/protocmp/equal.go:217.3,217.13 1 66
github.com/nbaztec/protocmp/equal.go:218.44,219.37 1 366
github.com/nbaztec/protocmp/equal.go:223.10,224.37 1 381
github.com/nbaztec/protocmp/equal.go:192.64,194.4 1 24
github.com/nbaztec/protocmp/equal.go:197.41,199.4 1 4
github.com/nbaztec/protocmp/equal.go:203.39,204.41 1 0
github.com/nbaztec/protocmp/equal.go:207.4,207.41 1 0
github.com/nbaztec/protocmp/equal.go:211.4,211.14 1 0
github.com/nbaztec/protocmp/equal.go:204.41,206.5 1 0
github.com/nbaztec/protocmp/equal.go:207.41,209.5 1 0
github.com/nbaztec/protocmp/equal.go:213.15,215.4 1 2
github.com/nbaztec/protocmp/equal.go:219.37,221.4 1 14
github.com/nbaztec/protocmp/equal.go:224.37,226.4 1 10
github.com/nbaztec/protocmp/equal.go:234.58,235.22 1 428
github.com/nbaztec/protocmp/equal.go:238.2,238.24 1 428
github.com/nbaztec/protocmp/equal.go:242.2,244.17 3 428
github.com/nbaztec/protocmp/equal.go:249.2,249.17 1 428
github.com/nbaztec/protocmp/equal.go:254.2,254.32 1 428
github.com/nbaztec/protocmp/equal.go:258.2,258.12 1 428
github.com/nbaztec/protocmp/equal.go:235.22,237.3 1 0
github.com/nbaztec/protocmp/equal.go:238.24,240.3 1 0
github.com/nbaztec/protocmp/equal.go:244.17,248.3 3 0
github.com/nbaztec/protocmp/equal.go:249.17,253.3 3 0
github.com/nbaztec/protocmp/equal.go:254.32,256.3 1 0
github.com/nbaztec/protocmp/error.go:17.36,19.2 1 0
github.com/nbaztec/protocmp/error.go:28.46,30.2 1 72
github.com/nbaztec/protocmp/error.go:32.57,35.2 2 104
github.com/nbaztec/protocmp/error.go:37.67,41.2 3 70
github.com/nbaztec/protocmp/error.go:43.43,48.2 4 14
github.com/nbaztec/protocmp/error.go:50.62,53.2 2 28
github.com/nbaztec/protocmp/error.go:55.66,58.2 2 2
github.com/nbaztec/protocmp/error.go:60.38,67.2 1 72
github.com/nbaztec/protocmp/error.go:69.35,71.2 1 0
github.com/nbaztec/protocmp/fmt.go:11.40,13.2 1 32
github.com/nbaztec/protocmp/fmt.go:15.48,19.2 3 16
github.com/nbaztec/protocmp/fmt.go:21.78,25.2 3 4
github.com/nbaztec/protocmp/fmt.go:27.76,31.2 3 4
github.com/nbaztec/protocmp/fmt.go:37.37,39.2 1 24
github.com/nbaztec/protocmp/fmt.go:41.45,42.22 1 388
github.com/nbaztec/protocmp/fmt.go:42.22,44.3 1 532
github.com/nbaztec/protocmp/fmt.go:47.28,49.2 1 60
github.com/nbaztec/protocmp/fmt.go:51.49,54.2 2 60
github.com/nbaztec/protocmp/fmt.go:56.58,63.24 6 44
github.com/nbaztec/protocmp/fmt.go:63.24,65.44 2 84
github.com/nbaztec/protocmp/fmt.go:72.3,72.30 1 84
github.com/nbaztec/protocmp/fmt.go:76.3,79.42 3 76
github.com/nbaztec/protocmp/fmt.go:82.3,85.15 3 76
github.com/nbaztec/protocmp/fmt.go:65.44,68.4 2 2
github.com/nbaztec/protocmp/fmt.go:68.9,70.4 1 82
github.com/nbaztec/protocmp/fmt.go:72.30,73.12 1 8
github.com/nbaztec/protocmp/fmt.go:79.42,81.4 1 0
github.com/nbaztec/protocmp/fmt.go:89.89,90.9 1 76
github.com/nbaztec/protocmp/fmt.go:91.19,92.30 1 4
github.com/nbaztec/protocmp/fmt.go:93.18,94.28 1 4
github.com/nbaztec/protocmp/fmt.go:95.10,96.27 1 68
github.com/nbaztec/protocmp/fmt.go:100.88,105.28 4 8
github.com/nbaztec/protocmp/fmt.go:105.28,107.18 2 24
github.com/nbaztec/protocmp/fmt.go:107.18,109.4 1 16
github.com/nbaztec/protocmp/fmt.go:113.86,117.102 3 8
github.com/nbaztec/protocmp/fmt.go:117.102,124.3 5 24
github.com/nbaztec/protocmp/fmt.go:127.92,129.2 1 116
github.com/nbaztec/protocmp/fmt.go:131.95,133.2 1 24
github.com/nbaztec/protocmp/fmt.go:135.116,138.14 2 140
github.com/nbaztec/protocmp/fmt.go:139.31,140.18 1 58
github.com/nbaztec/protocmp/fmt.go:144.3,145.25 2 34
github.com/nbaztec/protocmp/fmt.go:154.26,155.15 1 44
github.com/nbaztec/protocmp/fmt.go:157.29,159.60 2 2
github.com/nbaztec/protocmp/fmt.go:166.56,167.31 1 36
github.com/nbaztec/protocmp/fmt.go:172.3,172.32 1 28
github.com/nbaztec/protocmp/fmt.go:174.10,175.69 1 0
github.com/nbaztec/protocmp/fmt.go:140.18,143.4 2 24
github.com/nbaztec/protocmp/fmt.go:159.60,161.4 1 2
github.com/nbaztec/protocmp/fmt.go:161.9,164.4 1 0
github.com/nbaztec/protocmp/fmt.go:167.31,170.4 2 8
github.com/nbaztec/protocmp/sort.go:11.125,13.70 2 8
github.com/nbaztec/protocmp/sort.go:17.2,17.39 1 8
github.com/nbaztec/protocmp/sort.go:33.2,33.27 1 8
github.com/nbaztec/protocmp/sort.go:13.70,16.3 2 24
github.com/nbaztec/protocmp/sort.go:17.39,18.18 1 22
github.com/nbaztec/protocmp/sort.go:19.30,20.44 1 0
github.com/nbaztec/protocmp/sort.go:22.79,23.40 1 0
github.com/nbaztec/protocmp/sort.go:25.54,26.42 1 0
github.com/nbaztec/protocmp/sort.go:27.32,28.46 1 22
github.com/nbaztec/protocmp/sort.go:29.11,30.46 1 0
github.com/nbaztec/protocmp/sort.go:33.27,34.29 1 24
github.com/nbaztec/protocmp/sort.go:34.29,35.9 1 0
